gpasm-1.4.0 #1106 (Oct  6 2014) obj\Debug\uti   8-17-2021  02:09:24         PAGE  1


LOC    OBJECT CODE    LINE  SOURCE TEXT
  VALUE

                      00001 ;--------------------------------------------------------
                      00002 ; File Created by SDCC : free open source ANSI-C Compiler
                      00003 ; Version 3.5.0 #9253 (Jun 20 2015) (MINGW32)
                      00004 ; This file was generated Tue Aug 17 02:09:24 2021
                      00005 ;--------------------------------------------------------
                      00006 ; PIC port for the 14-bit core
                      00007 ;--------------------------------------------------------
                      00008         .file   "utilites.c"
                      00009         list    p=16f877a
                      00010         radix dec
                      00011         include "p16f877a.inc"
                      00001         LIST
                      00002 
                      00003 ;==========================================================================
                      00004 ; Build date : Aug 07 2014
                      00005 ;  MPASM PIC16F877A processor include
                      00006 ; 
                      00007 ;  (c) Copyright 1999-2014 Microchip Technology, All rights reserved
                      00008 ;==========================================================================
                      00009 
                      00567         LIST
                      00012 ;--------------------------------------------------------
                      00013 ; external declarations
                      00014 ;--------------------------------------------------------
                      00015 
  0000                00016         extern PSAVE
  0000                00017         extern SSAVE
  0000                00018         extern WSAVE
  0000                00019         extern STK12
  0000                00020         extern STK11
  0000                00021         extern STK10
  0000                00022         extern STK09
  0000                00023         extern STK08
  0000                00024         extern STK07
  0000                00025         extern STK06
  0000                00026         extern STK05
  0000                00027         extern STK04
  0000                00028         extern STK03
  0000                00029         extern STK02
  0000                00030         extern STK01
  0000                00031         extern STK00
                      00032 ;--------------------------------------------------------
                      00033 ; global declarations
                      00034 ;--------------------------------------------------------
  0000                00035         global  _UTILITES_DelayMS
                      00036 
                      00037 ;--------------------------------------------------------
                      00038 ; global definitions
                      00039 ;--------------------------------------------------------
                      00040 ;--------------------------------------------------------
                      00041 ; absolute symbol definitions
                      00042 ;--------------------------------------------------------
                      00043 ;--------------------------------------------------------
gpasm-1.4.0 #1106 (Oct  6 2014) obj\Debug\uti   8-17-2021  02:09:24         PAGE  2


LOC    OBJECT CODE    LINE  SOURCE TEXT
  VALUE

                      00044 ; compiler-defined variables
                      00045 ;--------------------------------------------------------
                      00046 UDL_utilites_0  udata
0000                  00047 r0x1001 res     1
0001                  00048 r0x1000 res     1
0002                  00049 r0x1002 res     1
0003                  00050 r0x1003 res     1
                      00051 ;--------------------------------------------------------
                      00052 ; initialized data
                      00053 ;--------------------------------------------------------
                      00054 ;--------------------------------------------------------
                      00055 ; overlayable items in internal ram 
                      00056 ;--------------------------------------------------------
                      00057 ;       udata_ovr
                      00058 ;--------------------------------------------------------
                      00059 ; code
                      00060 ;--------------------------------------------------------
                      00061 code_utilites   code
                      00062 ;***
                      00063 ;  pBlock Stats: dbName = C
                      00064 ;***
                      00065 ;entry:  _UTILITES_DelayMS      ;Function start
                      00066 ; 2 exit points
                      00067 ;has an exit
                      00068 ;5 compiler assigned registers:
                      00069 ;   r0x1000
                      00070 ;   STK00
                      00071 ;   r0x1001
                      00072 ;   r0x1002
                      00073 ;   r0x1003
                      00074 ;; Starting pCode block
                      00075 ;;; /home/sdcc-builder/build/sdcc-build/orig/sdcc/src/pic14/gen.c:2316:resultRemat *{*
                      00076 ;;; /home/sdcc-builder/build/sdcc-build/orig/sdcc/src/pic14/gen.c:2760:genLabel *{*
                      00077 ;; ***  genLabel  2763
                      00078 ;;; /home/sdcc-builder/build/sdcc-build/orig/sdcc/src/pic14/gen.c:2316:resultRemat *{*
                      00079 ;;; /home/sdcc-builder/build/sdcc-build/orig/sdcc/src/pic14/gen.c:2340:genFunction *{*
                      00080 ;; ***  genFunction  2342 curr label offset=0previous max_key=0 
0000                  00081 _UTILITES_DelayMS       ;Function start
                      00082 ; 2 exit points
                      00083 ;;; /home/sdcc-builder/build/sdcc-build/orig/sdcc/src/pic14/gen.c:2316:resultRemat *{*
                      00084 ;;; /home/sdcc-builder/build/sdcc-build/orig/sdcc/src/pic14/gen.c:7358:genReceive *{*
                      00085 ;; ***  genReceive  7359
                      00086 ;;      694 register type nRegs=2
                      00087 ;;; /home/sdcc-builder/build/sdcc-build/orig/sdcc/src/pic14/gen.c:1907:assignResultValue *{*
                      00088 ;; ***  assignResultValue  1909
                      00089 ;;      line = 1911 result -=-, size=0, left AOP_REG=r0x1048, size=2, right -=-, size=0
                      00090 ;; >>> /home/sdcc-builder/build/sdcc-build/orig/sdcc/src/pic14/gen.c:1393:movwf
                      00091 ;;      1109 rIdx = r0x1049 
                      00092         .line   2; "utilites.c" void UTILITES_DelayMS(U16 delay_time)
0000   ???? ????      00093         BANKSEL r0x1000
0002   00??           00094         MOVWF   r0x1000
                      00095 ;; >>> /home/sdcc-builder/build/sdcc-build/orig/sdcc/src/pic14/gen.c:1423:get_returnvalue
                      00096 ;; ***  popRegFromIdx,1042  , rIdx=0x7f
gpasm-1.4.0 #1106 (Oct  6 2014) obj\Debug\uti   8-17-2021  02:09:24         PAGE  3


LOC    OBJECT CODE    LINE  SOURCE TEXT
  VALUE

0003   08??           00097         MOVF    STK00,W
                      00098 ;; >>> /home/sdcc-builder/build/sdcc-build/orig/sdcc/src/pic14/gen.c:1393:movwf
                      00099 ;;      1109 rIdx = r0x1048 
0004   00??           00100         MOVWF   r0x1001
                      00101 ;;; /home/sdcc-builder/build/sdcc-build/orig/sdcc/src/pic14/gen.c:2316:resultRemat *{*
                      00102 ;;; /home/sdcc-builder/build/sdcc-build/orig/sdcc/src/pic14/gen.c:6927:genAssign *{*
                      00103 ;; ***  genAssign  6928
                      00104 ;;      694 register type nRegs=2
                      00105 ;;      line = 6937 result AOP_REG=r0x104A, size=2, left -=-, size=0, right AOP_LIT=0x00, size=2
                      00106 ;; ***  genAssign  7023
                      00107 ;; >>> /home/sdcc-builder/build/sdcc-build/orig/sdcc/src/pic14/gen.c:7035:genAssign
                      00108 ;;      1109 rIdx = r0x104A 
                      00109         .line   5; "utilites.c" for(x = 0 ;x<=delay_time;x++) ;
0005   01??           00110         CLRF    r0x1002
                      00111 ;; ***  genAssign  7023
                      00112 ;; >>> /home/sdcc-builder/build/sdcc-build/orig/sdcc/src/pic14/gen.c:7035:genAssign
                      00113 ;;      1109 rIdx = r0x104B 
0006   01??           00114         CLRF    r0x1003
                      00115 ;;; /home/sdcc-builder/build/sdcc-build/orig/sdcc/src/pic14/gen.c:2316:resultRemat *{*
                      00116 ;;; /home/sdcc-builder/build/sdcc-build/orig/sdcc/src/pic14/gen.c:2760:genLabel *{*
                      00117 ;; ***  genLabel  2763
                      00118 ;;; /home/sdcc-builder/build/sdcc-build/orig/sdcc/src/pic14/gen.c:2316:resultRemat *{*
                      00119 ;; ***  genPlus  611
                      00120 ;;; /home/sdcc-builder/build/sdcc-build/orig/sdcc/src/pic14/genarith.c:612:genPlus *{*
                      00121 ;;      694 register type nRegs=2
                      00122 ;;      575
                      00123 ;;      line = 618 result AOP_REG=r0x104A, size=2, left AOP_REG=r0x104A, size=2, right AOP_LIT=0x01, siz
                            e=1
                      00124 ;;; /home/sdcc-builder/build/sdcc-build/orig/sdcc/src/pic14/genarith.c:142:genPlusIncr *{*
                      00125 ;; ***  genPlusIncr  144
                      00126 ;;      result AOP_REG, left AOP_REG, right AOP_LIT
                      00127 ;;      genPlusIncr  156
                      00128 ;; >>> /home/sdcc-builder/build/sdcc-build/orig/sdcc/src/pic14/genarith.c:168:genPlusIncr
                      00129 ;;      1109 rIdx = r0x104A 
0007                  00130 _00107_DS_
0007   ???? ????      00131         BANKSEL r0x1002
0009   0A??           00132         INCF    r0x1002,F
                      00133 ;; >>> /home/sdcc-builder/build/sdcc-build/orig/sdcc/src/pic14/genarith.c:172:genPlusIncr
000A   1903           00134         BTFSC   STATUS,2
                      00135 ;; >>> /home/sdcc-builder/build/sdcc-build/orig/sdcc/src/pic14/genarith.c:173:genPlusIncr
                      00136 ;;      1109 rIdx = r0x104B 
000B   0A??           00137         INCF    r0x1003,F
                      00138 ;;; /home/sdcc-builder/build/sdcc-build/orig/sdcc/src/pic14/gen.c:2316:resultRemat *{*
                      00139 ;;; /home/sdcc-builder/build/sdcc-build/orig/sdcc/src/pic14/gen.c:3547:genCmpGt *{*
                      00140 ;; ***  genCmpGt  3548
                      00141 ;;      694 register type nRegs=2
                      00142 ;;      694 register type nRegs=2
                      00143 ;;; /home/sdcc-builder/build/sdcc-build/orig/sdcc/src/pic14/gen.c:3294:genCmp *{*
                      00144 ;; >>> /home/sdcc-builder/build/sdcc-build/orig/sdcc/src/pic14/gen.c:3269:pic14_mov2w_regOrLit
                      00145 ;;      1109 rIdx = r0x104B 
000C   08??           00146         MOVF    r0x1003,W
                      00147 ;; >>> /home/sdcc-builder/build/sdcc-build/orig/sdcc/src/pic14/gen.c:3432:genCmp
                      00148 ;;      1109 rIdx = r0x1049 
gpasm-1.4.0 #1106 (Oct  6 2014) obj\Debug\uti   8-17-2021  02:09:24         PAGE  4


LOC    OBJECT CODE    LINE  SOURCE TEXT
  VALUE

000D   02??           00149         SUBWF   r0x1000,W
                      00150 ;; >>> /home/sdcc-builder/build/sdcc-build/orig/sdcc/src/pic14/gen.c:3477:genCmp
000E   1D03           00151         BTFSS   STATUS,2
                      00152 ;; >>> /home/sdcc-builder/build/sdcc-build/orig/sdcc/src/pic14/gen.c:3478:genCmp
                      00153 ;; ***  popGetLabel  key=10, label offset 4
000F   2???           00154         GOTO    _00114_DS_
                      00155 ;; >>> /home/sdcc-builder/build/sdcc-build/orig/sdcc/src/pic14/gen.c:3269:pic14_mov2w_regOrLit
                      00156 ;;      1109 rIdx = r0x104A 
0010   08??           00157         MOVF    r0x1002,W
                      00158 ;; >>> /home/sdcc-builder/build/sdcc-build/orig/sdcc/src/pic14/gen.c:3480:genCmp
                      00159 ;;      1109 rIdx = r0x1048 
0011   02??           00160         SUBWF   r0x1001,W
                      00161 ;;; /home/sdcc-builder/build/sdcc-build/orig/sdcc/src/pic14/gen.c:3237:genSkipc *{*
                      00162 ;; >>> /home/sdcc-builder/build/sdcc-build/orig/sdcc/src/pic14/gen.c:3242:genSkipc
0012                  00163 _00114_DS_
0012   1803           00164         BTFSC   STATUS,0
                      00165 ;; >>> /home/sdcc-builder/build/sdcc-build/orig/sdcc/src/pic14/gen.c:3246:genSkipc
                      00166 ;; ***  popGetLabel  key=3, label offset 4
0013   2???           00167         GOTO    _00107_DS_
                      00168 ;;genSkipc:3247: created from rifx:027A5DF4
                      00169 ;;; /home/sdcc-builder/build/sdcc-build/orig/sdcc/src/pic14/gen.c:2316:resultRemat *{*
                      00170 ;;; /home/sdcc-builder/build/sdcc-build/orig/sdcc/src/pic14/gen.c:2316:resultRemat *{*
                      00171 ;;; /home/sdcc-builder/build/sdcc-build/orig/sdcc/src/pic14/gen.c:2760:genLabel *{*
                      00172 ;; ***  genLabel  2763
                      00173 ;;; /home/sdcc-builder/build/sdcc-build/orig/sdcc/src/pic14/gen.c:2316:resultRemat *{*
                      00174 ;;; /home/sdcc-builder/build/sdcc-build/orig/sdcc/src/pic14/gen.c:2528:genEndFunction *{*
                      00175 ;; ***  genEndFunction  2530
0014   0008           00176         RETURN  
                      00177 ; exit point of _UTILITES_DelayMS
                      00178 
                      00179 
                      00180 ;       code size estimation:
                      00181 ;          17+    2 =    19 instructions (   42 byte)
                      00182 
                      00183         end
gpasm-1.4.0 #1106 (Oct  6 2014) obj\Debug\uti   8-17-2021  02:09:24         PAGE  5


SYMBOL TABLE
  LABEL                             VALUE

ACKDT                             00000005
ACKEN                             00000004
ACKSTAT                           00000006
ADCON0                            0000001F
ADCON1                            0000009F
ADCS0                             00000006
ADCS1                             00000007
ADCS2                             00000006
ADDEN                             00000003
ADFM                              00000007
ADIE                              00000006
ADIF                              00000006
ADON                              00000000
ADRESH                            0000001E
ADRESL                            0000009E
BCLIE                             00000003
BCLIF                             00000003
BF                                00000000
BRGH                              00000002
C                                 00000000
C1INV                             00000004
C1OUT                             00000006
C2INV                             00000005
C2OUT                             00000007
CCP1CON                           00000017
CCP1IE                            00000002
CCP1IF                            00000002
CCP1M0                            00000000
CCP1M1                            00000001
CCP1M2                            00000002
CCP1M3                            00000003
CCP1X                             00000005
CCP1Y                             00000004
CCP2CON                           0000001D
CCP2IE                            00000000
CCP2IF                            00000000
CCP2M0                            00000000
CCP2M1                            00000001
CCP2M2                            00000002
CCP2M3                            00000003
CCP2X                             00000005
CCP2Y                             00000004
CCPR1                             00000015
CCPR1H                            00000016
CCPR1L                            00000015
CCPR2                             0000001B
CCPR2H                            0000001C
CCPR2L                            0000001B
CHS0                              00000003
CHS1                              00000004
CHS2                              00000005
CIS                               00000003
CKE                               00000006
gpasm-1.4.0 #1106 (Oct  6 2014) obj\Debug\uti   8-17-2021  02:09:24         PAGE  6


SYMBOL TABLE
  LABEL                             VALUE 

CKP                               00000004
CM0                               00000000
CM1                               00000001
CM2                               00000002
CMCON                             0000009C
CMIE                              00000006
CMIF                              00000006
CREN                              00000004
CSRC                              00000007
CVR0                              00000000
CVR1                              00000001
CVR2                              00000002
CVR3                              00000003
CVRCON                            0000009D
CVREN                             00000007
CVROE                             00000006
CVRR                              00000005
D                                 00000005
DATA_ADDRESS                      00000005
DC                                00000001
D_A                               00000005
D_NOT_A                           00000005
EEADR                             0000010D
EEADRH                            0000010F
EECON1                            0000018C
EECON2                            0000018D
EEDATA                            0000010C
EEDATH                            0000010E
EEIE                              00000004
EEIF                              00000004
EEPGD                             00000007
F                                 00000001
FERR                              00000002
FSR                               00000004
GCEN                              00000007
GIE                               00000007
GO                                00000002
GO_DONE                           00000002
GO_NOT_DONE                       00000002
I2C_DATA                          00000005
I2C_READ                          00000002
I2C_START                         00000003
I2C_STOP                          00000004
IBF                               00000007
IBOV                              00000005
INDF                              00000000
INTCON                            0000000B
INTE                              00000004
INTEDG                            00000006
INTF                              00000001
IRP                               00000007
NOT_A                             00000005
NOT_ADDRESS                       00000005
gpasm-1.4.0 #1106 (Oct  6 2014) obj\Debug\uti   8-17-2021  02:09:24         PAGE  7


SYMBOL TABLE
  LABEL                             VALUE 

NOT_BO                            00000000
NOT_BOR                           00000000
NOT_DONE                          00000002
NOT_PD                            00000003
NOT_POR                           00000001
NOT_RBPU                          00000007
NOT_RC8                           00000006
NOT_T1SYNC                        00000002
NOT_TO                            00000004
NOT_TX8                           00000006
NOT_W                             00000002
NOT_WRITE                         00000002
OBF                               00000006
OERR                              00000001
OPTION_REG                        00000081
P                                 00000004
PCFG0                             00000000
PCFG1                             00000001
PCFG2                             00000002
PCFG3                             00000003
PCL                               00000002
PCLATH                            0000000A
PCON                              0000008E
PEIE                              00000006
PEN                               00000002
PIE1                              0000008C
PIE2                              0000008D
PIR1                              0000000C
PIR2                              0000000D
PORTA                             00000005
PORTB                             00000006
PORTC                             00000007
PORTD                             00000008
PORTE                             00000009
PR2                               00000092
PS0                               00000000
PS1                               00000001
PS2                               00000002
PSA                               00000003
PSAVE                             00000000
PSPIE                             00000007
PSPIF                             00000007
PSPMODE                           00000004
R                                 00000002
RA0                               00000000
RA1                               00000001
RA2                               00000002
RA3                               00000003
RA4                               00000004
RA5                               00000005
RB0                               00000000
RB1                               00000001
RB2                               00000002
gpasm-1.4.0 #1106 (Oct  6 2014) obj\Debug\uti   8-17-2021  02:09:24         PAGE  8


SYMBOL TABLE
  LABEL                             VALUE 

RB3                               00000003
RB4                               00000004
RB5                               00000005
RB6                               00000006
RB7                               00000007
RBIE                              00000003
RBIF                              00000000
RC0                               00000000
RC1                               00000001
RC2                               00000002
RC3                               00000003
RC4                               00000004
RC5                               00000005
RC6                               00000006
RC7                               00000007
RC8_9                             00000006
RC9                               00000006
RCD8                              00000000
RCEN                              00000003
RCIE                              00000005
RCIF                              00000005
RCREG                             0000001A
RCSTA                             00000018
RD                                00000000
RD0                               00000000
RD1                               00000001
RD2                               00000002
RD3                               00000003
RD4                               00000004
RD5                               00000005
RD6                               00000006
RD7                               00000007
RE0                               00000000
RE1                               00000001
RE2                               00000002
READ_WRITE                        00000002
RP0                               00000005
RP1                               00000006
RSEN                              00000001
RX9                               00000006
RX9D                              00000000
R_NOT_W                           00000002
R_W                               00000002
S                                 00000003
SEN                               00000000
SMP                               00000007
SPBRG                             00000099
SPEN                              00000007
SREN                              00000005
SSAVE                             00000000
SSPADD                            00000093
SSPBUF                            00000013
SSPCON                            00000014
gpasm-1.4.0 #1106 (Oct  6 2014) obj\Debug\uti   8-17-2021  02:09:24         PAGE  9


SYMBOL TABLE
  LABEL                             VALUE 

SSPCON2                           00000091
SSPEN                             00000005
SSPIE                             00000003
SSPIF                             00000003
SSPM0                             00000000
SSPM1                             00000001
SSPM2                             00000002
SSPM3                             00000003
SSPOV                             00000006
SSPSTAT                           00000094
STATUS                            00000003
STK00                             00000000
STK01                             00000000
STK02                             00000000
STK03                             00000000
STK04                             00000000
STK05                             00000000
STK06                             00000000
STK07                             00000000
STK08                             00000000
STK09                             00000000
STK10                             00000000
STK11                             00000000
STK12                             00000000
SYNC                              00000004
T0CS                              00000005
T0IE                              00000005
T0IF                              00000002
T0SE                              00000004
T1CKPS0                           00000004
T1CKPS1                           00000005
T1CON                             00000010
T1INSYNC                          00000002
T1OSCEN                           00000003
T1SYNC                            00000002
T2CKPS0                           00000000
T2CKPS1                           00000001
T2CON                             00000012
TMR0                              00000001
TMR0IE                            00000005
TMR0IF                            00000002
TMR1                              0000000E
TMR1CS                            00000001
TMR1H                             0000000F
TMR1IE                            00000000
TMR1IF                            00000000
TMR1L                             0000000E
TMR1ON                            00000000
TMR2                              00000011
TMR2IE                            00000001
TMR2IF                            00000001
TMR2ON                            00000002
TOUTPS0                           00000003
gpasm-1.4.0 #1106 (Oct  6 2014) obj\Debug\uti   8-17-2021  02:09:24         PAGE 10


SYMBOL TABLE
  LABEL                             VALUE 

TOUTPS1                           00000004
TOUTPS2                           00000005
TOUTPS3                           00000006
TRISA                             00000085
TRISA0                            00000000
TRISA1                            00000001
TRISA2                            00000002
TRISA3                            00000003
TRISA4                            00000004
TRISA5                            00000005
TRISB                             00000086
TRISB0                            00000000
TRISB1                            00000001
TRISB2                            00000002
TRISB3                            00000003
TRISB4                            00000004
TRISB5                            00000005
TRISB6                            00000006
TRISB7                            00000007
TRISC                             00000087
TRISC0                            00000000
TRISC1                            00000001
TRISC2                            00000002
TRISC3                            00000003
TRISC4                            00000004
TRISC5                            00000005
TRISC6                            00000006
TRISC7                            00000007
TRISD                             00000088
TRISD0                            00000000
TRISD1                            00000001
TRISD2                            00000002
TRISD3                            00000003
TRISD4                            00000004
TRISD5                            00000005
TRISD6                            00000006
TRISD7                            00000007
TRISE                             00000089
TRISE0                            00000000
TRISE1                            00000001
TRISE2                            00000002
TRMT                              00000001
TX8_9                             00000006
TX9                               00000006
TX9D                              00000000
TXD8                              00000000
TXEN                              00000005
TXIE                              00000004
TXIF                              00000004
TXREG                             00000019
TXSTA                             00000098
UA                                00000001
W                                 00000000
gpasm-1.4.0 #1106 (Oct  6 2014) obj\Debug\uti   8-17-2021  02:09:24         PAGE 11


SYMBOL TABLE
  LABEL                             VALUE 

WCOL                              00000007
WR                                00000001
WREN                              00000002
WRERR                             00000003
WSAVE                             00000000
Z                                 00000002
_00107_DS_                        00000007
_00114_DS_                        00000012
_BODEN_OFF                        00003FBF
_BODEN_ON                         00003FFF
_BOREN_OFF                        00003FBF
_BOREN_ON                         00003FFF
_CONFIG                           00002007
_CPD_OFF                          00003FFF
_CPD_ON                           00003EFF
_CP_ALL                           00001FFF
_CP_OFF                           00003FFF
_CP_ON                            00001FFF
_DEBUG_OFF                        00003FFF
_DEBUG_ON                         000037FF
_DEVID1                           00002006
_FOSC_EXTRC                       00003FFF
_FOSC_HS                          00003FFE
_FOSC_LP                          00003FFC
_FOSC_XT                          00003FFD
_HS_OSC                           00003FFE
_IDLOC0                           00002000
_IDLOC1                           00002001
_IDLOC2                           00002002
_IDLOC3                           00002003
_LP_OSC                           00003FFC
_LVP_OFF                          00003F7F
_LVP_ON                           00003FFF
_PWRTE_OFF                        00003FFF
_PWRTE_ON                         00003FF7
_RC_OSC                           00003FFF
_UTILITES_DelayMS                 00000000
_WDTE_OFF                         00003FFB
_WDTE_ON                          00003FFF
_WDT_OFF                          00003FFB
_WDT_ON                           00003FFF
_WRT_1FOURTH                      00003BFF
_WRT_256                          00003DFF
_WRT_HALF                         000039FF
_WRT_OFF                          00003FFF
_XT_OSC                           00003FFD
__16F877A                         00000001
__CODE_END                        00001FFF
__CODE_START                      00000000
__COMMON_RAM_END                  0000007F
__COMMON_RAM_START                00000070
__EEPROM_END                      000021FF
__EEPROM_START                    00002100
gpasm-1.4.0 #1106 (Oct  6 2014) obj\Debug\uti   8-17-2021  02:09:24         PAGE 12


SYMBOL TABLE
  LABEL                             VALUE 

__VECTOR_INT                      00000004
__VECTOR_RESET                    00000000
r0x1000                           00000001
r0x1001                           00000000
r0x1002                           00000002
r0x1003                           00000003

Errors   :     0
Warnings :     0 reported,     0 suppressed
Messages :     0 reported,     0 suppressed

